# JRE version: Java(TM) SE Runtime Environment (8.0_91-b14) (build 1.8.0_91-b14)
# Java VM: Java HotSpot(TM) 64-Bit Server VM (25.91-b14 mixed mode windows-amd64 compressed oops)
Heap:
 PSYoungGen      total 33792K, used 8348K [0x00000000d5b00000, 0x00000000d9780000, 0x0000000100000000)
  eden space 30208K, 27% used [0x00000000d5b00000,0x00000000d6327040,0x00000000d7880000)
  from space 3584K, 0% used [0x00000000d7900000,0x00000000d7900000,0x00000000d7c80000)
  to   space 15872K, 0% used [0x00000000d8800000,0x00000000d8800000,0x00000000d9780000)
 ParOldGen       total 56320K, used 12941K [0x0000000081000000, 0x0000000084700000, 0x00000000d5b00000)
  object space 56320K, 22% used [0x0000000081000000,0x0000000081ca3430,0x0000000084700000)
 Metaspace       used 20764K, capacity 21648K, committed 21884K, reserved 1069056K
  class space    used 2506K, capacity 2691K, committed 2764K, reserved 1048576K
GC Heap History (10 events):
Event: 2056.769 GC heap before
{Heap before GC invocations=6 (full 0):
 PSYoungGen      total 37888K, used 37868K [0x00000000d5b00000, 0x00000000d9500000, 0x0000000100000000)
  eden space 32768K, 100% used [0x00000000d5b00000,0x00000000d7b00000,0x00000000d7b00000)
  from space 5120K, 99% used [0x00000000d7b80000,0x00000000d807b0b8,0x00000000d8080000)
  to   space 13312K, 0% used [0x00000000d8800000,0x00000000d8800000,0x00000000d9500000)
 ParOldGen       total 87552K, used 16818K [0x0000000081000000, 0x0000000086580000, 0x00000000d5b00000)
  object space 87552K, 19% used [0x0000000081000000,0x000000008206c8f0,0x0000000086580000)
 Metaspace       used 20597K, capacity 21326K, committed 21552K, reserved 1069056K
  class space    used 2492K, capacity 2668K, committed 2688K, reserved 1048576K
Event: 2056.784 GC heap after
Heap after GC invocations=6 (full 0):
 PSYoungGen      total 45056K, used 11972K [0x00000000d5b00000, 0x00000000d9680000, 0x0000000100000000)
  eden space 31744K, 0% used [0x00000000d5b00000,0x00000000d5b00000,0x00000000d7a00000)
  from space 13312K, 89% used [0x00000000d8800000,0x00000000d93b1350,0x00000000d9500000)
  to   space 14336K, 0% used [0x00000000d7a00000,0x00000000d7a00000,0x00000000d8800000)
 ParOldGen       total 87552K, used 16818K [0x0000000081000000, 0x0000000086580000, 0x00000000d5b00000)
  object space 87552K, 19% used [0x0000000081000000,0x000000008206c8f0,0x0000000086580000)
 Metaspace       used 20597K, capacity 21326K, committed 21552K, reserved 1069056K
  class space    used 2492K, capacity 2668K, committed 2688K, reserved 1048576K
}
Event: 2240.004 GC heap before
{Heap before GC invocations=7 (full 0):
 PSYoungGen      total 45056K, used 43716K [0x00000000d5b00000, 0x00000000d9680000, 0x0000000100000000)
  eden space 31744K, 100% used [0x00000000d5b00000,0x00000000d7a00000,0x00000000d7a00000)
  from space 13312K, 89% used [0x00000000d8800000,0x00000000d93b1350,0x00000000d9500000)
  to   space 14336K, 0% used [0x00000000d7a00000,0x00000000d7a00000,0x00000000d8800000)
 ParOldGen       total 87552K, used 16818K [0x0000000081000000, 0x0000000086580000, 0x00000000d5b00000)
  object space 87552K, 19% used [0x0000000081000000,0x000000008206c8f0,0x0000000086580000)
 Metaspace       used 20599K, capacity 21326K, committed 21552K, reserved 1069056K
  class space    used 2492K, capacity 2668K, committed 2688K, reserved 1048576K
Event: 2240.008 GC heap after
Heap after GC invocations=7 (full 0):
 PSYoungGen      total 45568K, used 674K [0x00000000d5b00000, 0x00000000d9780000, 0x0000000100000000)
  eden space 31232K, 0% used [0x00000000d5b00000,0x00000000d5b00000,0x00000000d7980000)
  from space 14336K, 4% used [0x00000000d7a00000,0x00000000d7aa8ba0,0x00000000d8800000)
  to   space 15360K, 0% used [0x00000000d8880000,0x00000000d8880000,0x00000000d9780000)
 ParOldGen       total 87552K, used 28103K [0x0000000081000000, 0x0000000086580000, 0x00000000d5b00000)
  object space 87552K, 32% used [0x0000000081000000,0x0000000082b71f90,0x0000000086580000)
 Metaspace       used 20599K, capacity 21326K, committed 21552K, reserved 1069056K
  class space    used 2492K, capacity 2668K, committed 2688K, reserved 1048576K
}
Event: 2420.364 GC heap before
{Heap before GC invocations=8 (full 0):
 PSYoungGen      total 45568K, used 31906K [0x00000000d5b00000, 0x00000000d9780000, 0x0000000100000000)
  eden space 31232K, 100% used [0x00000000d5b00000,0x00000000d7980000,0x00000000d7980000)
  from space 14336K, 4% used [0x00000000d7a00000,0x00000000d7aa8ba0,0x00000000d8800000)
  to   space 15360K, 0% used [0x00000000d8880000,0x00000000d8880000,0x00000000d9780000)
 ParOldGen       total 87552K, used 28103K [0x0000000081000000, 0x0000000086580000, 0x00000000d5b00000)
  object space 87552K, 32% used [0x0000000081000000,0x0000000082b71f90,0x0000000086580000)
 Metaspace       used 20599K, capacity 21326K, committed 21552K, reserved 1069056K
  class space    used 2492K, capacity 2668K, committed 2688K, reserved 1048576K
Event: 2420.369 GC heap after
Heap after GC invocations=8 (full 0):
 PSYoungGen      total 46080K, used 361K [0x00000000d5b00000, 0x00000000d9800000, 0x0000000100000000)
  eden space 30720K, 0% used [0x00000000d5b00000,0x00000000d5b00000,0x00000000d7900000)
  from space 15360K, 2% used [0x00000000d8880000,0x00000000d88da668,0x00000000d9780000)
  to   space 15872K, 0% used [0x00000000d7900000,0x00000000d7900000,0x00000000d8880000)
 ParOldGen       total 87552K, used 28480K [0x0000000081000000, 0x0000000086580000, 0x00000000d5b00000)
  object space 87552K, 32% used [0x0000000081000000,0x0000000082bd0150,0x0000000086580000)
 Metaspace       used 20599K, capacity 21326K, committed 21552K, reserved 1069056K
  class space    used 2492K, capacity 2668K, committed 2688K, reserved 1048576K
}
Event: 2442.259 GC heap before
{Heap before GC invocations=9 (full 0):
 PSYoungGen      total 46080K, used 9778K [0x00000000d5b00000, 0x00000000d9800000, 0x0000000100000000)
  eden space 30720K, 30% used [0x00000000d5b00000,0x00000000d6432250,0x00000000d7900000)
  from space 15360K, 2% used [0x00000000d8880000,0x00000000d88da668,0x00000000d9780000)
  to   space 15872K, 0% used [0x00000000d7900000,0x00000000d7900000,0x00000000d8880000)
 ParOldGen       total 87552K, used 28480K [0x0000000081000000, 0x0000000086580000, 0x00000000d5b00000)
  object space 87552K, 32% used [0x0000000081000000,0x0000000082bd0150,0x0000000086580000)
 Metaspace       used 20744K, capacity 21538K, committed 21628K, reserved 1069056K
  class space    used 2509K, capacity 2698K, committed 2764K, reserved 1048576K
Event: 2442.260 GC heap after
Heap after GC invocations=9 (full 0):
 PSYoungGen      total 33792K, used 3491K [0x00000000d5b00000, 0x00000000d9780000, 0x0000000100000000)
  eden space 30208K, 0% used [0x00000000d5b00000,0x00000000d5b00000,0x00000000d7880000)
  from space 3584K, 97% used [0x00000000d7900000,0x00000000d7c68ec0,0x00000000d7c80000)
  to   space 15872K, 0% used [0x00000000d8800000,0x00000000d8800000,0x00000000d9780000)
 ParOldGen       total 87552K, used 28623K [0x0000000081000000, 0x0000000086580000, 0x00000000d5b00000)
  object space 87552K, 32% used [0x0000000081000000,0x0000000082bf3eb8,0x0000000086580000)
 Metaspace       used 20744K, capacity 21538K, committed 21628K, reserved 1069056K
  class space    used 2509K, capacity 2698K, committed 2764K, reserved 1048576K
}
Event: 2442.260 GC heap before
{Heap before GC invocations=10 (full 1):
 PSYoungGen      total 33792K, used 3491K [0x00000000d5b00000, 0x00000000d9780000, 0x0000000100000000)
  eden space 30208K, 0% used [0x00000000d5b00000,0x00000000d5b00000,0x00000000d7880000)
  from space 3584K, 97% used [0x00000000d7900000,0x00000000d7c68ec0,0x00000000d7c80000)
  to   space 15872K, 0% used [0x00000000d8800000,0x00000000d8800000,0x00000000d9780000)
 ParOldGen       total 87552K, used 28623K [0x0000000081000000, 0x0000000086580000, 0x00000000d5b00000)
  object space 87552K, 32% used [0x0000000081000000,0x0000000082bf3eb8,0x0000000086580000)
 Metaspace       used 20744K, capacity 21538K, committed 21628K, reserved 1069056K
  class space    used 2509K, capacity 2698K, committed 2764K, reserved 1048576K
Event: 2442.322 GC heap after
Heap after GC invocations=10 (full 1):
 PSYoungGen      total 33792K, used 0K [0x00000000d5b00000, 0x00000000d9780000, 0x0000000100000000)
  eden space 30208K, 0% used [0x00000000d5b00000,0x00000000d5b00000,0x00000000d7880000)
  from space 3584K, 0% used [0x00000000d7900000,0x00000000d7900000,0x00000000d7c80000)
  to   space 15872K, 0% used [0x00000000d8800000,0x00000000d8800000,0x00000000d9780000)
 ParOldGen       total 56320K, used 12941K [0x0000000081000000, 0x0000000084700000, 0x00000000d5b00000)
  object space 56320K, 22% used [0x0000000081000000,0x0000000081ca3430,0x0000000084700000)
 Metaspace       used 20733K, capacity 21520K, committed 21628K, reserved 1069056K
  class space    used 2506K, capacity 2691K, committed 2764K, reserved 1048576K
}

