# JRE version: Java(TM) SE Runtime Environment (8.0_91-b14) (build 1.8.0_91-b14)
# Java VM: Java HotSpot(TM) 64-Bit Server VM (25.91-b14 mixed mode windows-amd64 compressed oops)
Heap:
 PSYoungGen      total 36352K, used 13391K [0x00000000d5b00000, 0x00000000d8980000, 0x0000000100000000)
  eden space 27136K, 37% used [0x00000000d5b00000,0x00000000d64dc968,0x00000000d7580000)
  from space 9216K, 35% used [0x00000000d8080000,0x00000000d83b7450,0x00000000d8980000)
  to   space 10240K, 0% used [0x00000000d7580000,0x00000000d7580000,0x00000000d7f80000)
 ParOldGen       total 57344K, used 28909K [0x0000000081000000, 0x0000000084800000, 0x00000000d5b00000)
  object space 57344K, 50% used [0x0000000081000000,0x0000000082c3b538,0x0000000084800000)
 Metaspace       used 22036K, capacity 23018K, committed 23216K, reserved 1069056K
  class space    used 2587K, capacity 2780K, committed 2816K, reserved 1048576K
GC Heap History (10 events):
Event: 2370.684 GC heap before
{Heap before GC invocations=13 (full 1):
 PSYoungGen      total 35840K, used 35776K [0x00000000d5b00000, 0x00000000d8d00000, 0x0000000100000000)
  eden space 29696K, 100% used [0x00000000d5b00000,0x00000000d7800000,0x00000000d7800000)
  from space 6144K, 98% used [0x00000000d7880000,0x00000000d7e702c8,0x00000000d7e80000)
  to   space 10752K, 0% used [0x00000000d8280000,0x00000000d8280000,0x00000000d8d00000)
 ParOldGen       total 57344K, used 19886K [0x0000000081000000, 0x0000000084800000, 0x00000000d5b00000)
  object space 57344K, 34% used [0x0000000081000000,0x000000008236b850,0x0000000084800000)
 Metaspace       used 21722K, capacity 22646K, committed 22704K, reserved 1069056K
  class space    used 2580K, capacity 2776K, committed 2816K, reserved 1048576K
Event: 2370.687 GC heap after
Heap after GC invocations=13 (full 1):
 PSYoungGen      total 39936K, used 464K [0x00000000d5b00000, 0x00000000d8d80000, 0x0000000100000000)
  eden space 29184K, 0% used [0x00000000d5b00000,0x00000000d5b00000,0x00000000d7780000)
  from space 10752K, 4% used [0x00000000d8280000,0x00000000d82f41a0,0x00000000d8d00000)
  to   space 11264K, 0% used [0x00000000d7780000,0x00000000d7780000,0x00000000d8280000)
 ParOldGen       total 57344K, used 28421K [0x0000000081000000, 0x0000000084800000, 0x00000000d5b00000)
  object space 57344K, 49% used [0x0000000081000000,0x0000000082bc1418,0x0000000084800000)
 Metaspace       used 21722K, capacity 22646K, committed 22704K, reserved 1069056K
  class space    used 2580K, capacity 2776K, committed 2816K, reserved 1048576K
}
Event: 2374.334 GC heap before
{Heap before GC invocations=14 (full 1):
 PSYoungGen      total 39936K, used 29648K [0x00000000d5b00000, 0x00000000d8d80000, 0x0000000100000000)
  eden space 29184K, 100% used [0x00000000d5b00000,0x00000000d7780000,0x00000000d7780000)
  from space 10752K, 4% used [0x00000000d8280000,0x00000000d82f41a0,0x00000000d8d00000)
  to   space 11264K, 0% used [0x00000000d7780000,0x00000000d7780000,0x00000000d8280000)
 ParOldGen       total 57344K, used 28421K [0x0000000081000000, 0x0000000084800000, 0x00000000d5b00000)
  object space 57344K, 49% used [0x0000000081000000,0x0000000082bc1418,0x0000000084800000)
 Metaspace       used 21742K, capacity 22722K, committed 22960K, reserved 1069056K
  class space    used 2580K, capacity 2776K, committed 2816K, reserved 1048576K
Event: 2374.336 GC heap after
Heap after GC invocations=14 (full 1):
 PSYoungGen      total 29184K, used 320K [0x00000000d5b00000, 0x00000000d8d00000, 0x0000000100000000)
  eden space 28672K, 0% used [0x00000000d5b00000,0x00000000d5b00000,0x00000000d7700000)
  from space 512K, 62% used [0x00000000d7780000,0x00000000d77d0000,0x00000000d7800000)
  to   space 11264K, 0% used [0x00000000d8200000,0x00000000d8200000,0x00000000d8d00000)
 ParOldGen       total 57344K, used 28629K [0x0000000081000000, 0x0000000084800000, 0x00000000d5b00000)
  object space 57344K, 49% used [0x0000000081000000,0x0000000082bf5458,0x0000000084800000)
 Metaspace       used 21742K, capacity 22722K, committed 22960K, reserved 1069056K
  class space    used 2580K, capacity 2776K, committed 2816K, reserved 1048576K
}
Event: 2821.534 GC heap before
{Heap before GC invocations=15 (full 1):
 PSYoungGen      total 29184K, used 28992K [0x00000000d5b00000, 0x00000000d8d00000, 0x0000000100000000)
  eden space 28672K, 100% used [0x00000000d5b00000,0x00000000d7700000,0x00000000d7700000)
  from space 512K, 62% used [0x00000000d7780000,0x00000000d77d0000,0x00000000d7800000)
  to   space 11264K, 0% used [0x00000000d8200000,0x00000000d8200000,0x00000000d8d00000)
 ParOldGen       total 57344K, used 28629K [0x0000000081000000, 0x0000000084800000, 0x00000000d5b00000)
  object space 57344K, 49% used [0x0000000081000000,0x0000000082bf5458,0x0000000084800000)
 Metaspace       used 21861K, capacity 22874K, committed 22960K, reserved 1069056K
  class space    used 2585K, capacity 2780K, committed 2816K, reserved 1048576K
Event: 2821.536 GC heap after
Heap after GC invocations=15 (full 1):
 PSYoungGen      total 38912K, used 400K [0x00000000d5b00000, 0x00000000d8c80000, 0x0000000100000000)
  eden space 28160K, 0% used [0x00000000d5b00000,0x00000000d5b00000,0x00000000d7680000)
  from space 10752K, 3% used [0x00000000d8200000,0x00000000d82641a0,0x00000000d8c80000)
  to   space 11264K, 0% used [0x00000000d7680000,0x00000000d7680000,0x00000000d8180000)
 ParOldGen       total 57344K, used 28717K [0x0000000081000000, 0x0000000084800000, 0x00000000d5b00000)
  object space 57344K, 50% used [0x0000000081000000,0x0000000082c0b790,0x0000000084800000)
 Metaspace       used 21861K, capacity 22874K, committed 22960K, reserved 1069056K
  class space    used 2585K, capacity 2780K, committed 2816K, reserved 1048576K
}
Event: 2867.887 GC heap before
{Heap before GC invocations=16 (full 1):
 PSYoungGen      total 38912K, used 28560K [0x00000000d5b00000, 0x00000000d8c80000, 0x0000000100000000)
  eden space 28160K, 100% used [0x00000000d5b00000,0x00000000d7680000,0x00000000d7680000)
  from space 10752K, 3% used [0x00000000d8200000,0x00000000d82641a0,0x00000000d8c80000)
  to   space 11264K, 0% used [0x00000000d7680000,0x00000000d7680000,0x00000000d8180000)
 ParOldGen       total 57344K, used 28717K [0x0000000081000000, 0x0000000084800000, 0x00000000d5b00000)
  object space 57344K, 50% used [0x0000000081000000,0x0000000082c0b790,0x0000000084800000)
 Metaspace       used 21895K, capacity 22882K, committed 22960K, reserved 1069056K
  class space    used 2585K, capacity 2780K, committed 2816K, reserved 1048576K
Event: 2867.889 GC heap after
Heap after GC invocations=16 (full 1):
 PSYoungGen      total 29696K, used 1794K [0x00000000d5b00000, 0x00000000d8b00000, 0x0000000100000000)
  eden space 27648K, 0% used [0x00000000d5b00000,0x00000000d5b00000,0x00000000d7600000)
  from space 2048K, 87% used [0x00000000d7680000,0x00000000d7840a18,0x00000000d7880000)
  to   space 10752K, 0% used [0x00000000d8080000,0x00000000d8080000,0x00000000d8b00000)
 ParOldGen       total 57344K, used 28909K [0x0000000081000000, 0x0000000084800000, 0x00000000d5b00000)
  object space 57344K, 50% used [0x0000000081000000,0x0000000082c3b538,0x0000000084800000)
 Metaspace       used 21895K, capacity 22882K, committed 22960K, reserved 1069056K
  class space    used 2585K, capacity 2780K, committed 2816K, reserved 1048576K
}
Event: 2928.045 GC heap before
{Heap before GC invocations=17 (full 1):
 PSYoungGen      total 29696K, used 29442K [0x00000000d5b00000, 0x00000000d8b00000, 0x0000000100000000)
  eden space 27648K, 100% used [0x00000000d5b00000,0x00000000d7600000,0x00000000d7600000)
  from space 2048K, 87% used [0x00000000d7680000,0x00000000d7840a18,0x00000000d7880000)
  to   space 10752K, 0% used [0x00000000d8080000,0x00000000d8080000,0x00000000d8b00000)
 ParOldGen       total 57344K, used 28909K [0x0000000081000000, 0x0000000084800000, 0x00000000d5b00000)
  object space 57344K, 50% used [0x0000000081000000,0x0000000082c3b538,0x0000000084800000)
 Metaspace       used 21922K, capacity 22886K, committed 22960K, reserved 1069056K
  class space    used 2585K, capacity 2780K, committed 2816K, reserved 1048576K
Event: 2928.048 GC heap after
Heap after GC invocations=17 (full 1):
 PSYoungGen      total 36352K, used 3293K [0x00000000d5b00000, 0x00000000d8980000, 0x0000000100000000)
  eden space 27136K, 0% used [0x00000000d5b00000,0x00000000d5b00000,0x00000000d7580000)
  from space 9216K, 35% used [0x00000000d8080000,0x00000000d83b7450,0x00000000d8980000)
  to   space 10240K, 0% used [0x00000000d7580000,0x00000000d7580000,0x00000000d7f80000)
 ParOldGen       total 57344K, used 28909K [0x0000000081000000, 0x0000000084800000, 0x00000000d5b00000)
  object space 57344K, 50% used [0x0000000081000000,0x0000000082c3b538,0x0000000084800000)
 Metaspace       used 21922K, capacity 22886K, committed 22960K, reserved 1069056K
  class space    used 2585K, capacity 2780K, committed 2816K, reserved 1048576K
}

